#
# There is insufficient memory for the Java Runtime Environment to continue.
# Native memory allocation (malloc) failed to allocate 1048576 bytes for AllocateHeap
# Possible reasons:
#   The system is out of physical RAM or swap space
#   In 32 bit mode, the process size limit was hit
# Possible solutions:
#   Reduce memory load on the system
#   Increase physical memory or swap space
#   Check if swap backing store is full
#   Use 64 bit Java on a 64 bit OS
#   Decrease Java heap size (-Xmx/-Xms)
#   Decrease number of Java threads
#   Decrease Java thread stack sizes (-Xss)
#   Set larger code cache with -XX:ReservedCodeCacheSize=
# This output file may be truncated or incomplete.
#
#  Out of Memory Error (memory/allocation.inline.hpp:61), pid=6056, tid=5692
#
# JRE version:  (7.0_79-b15) (build )
# Java VM: Java HotSpot(TM) 64-Bit Server VM (24.79-b02 mixed mode windows-amd64 compressed oops)
# Failed to write core dump. Minidumps are not enabled by default on client versions of Windows
#

---------------  T H R E A D  ---------------

Current thread (0x000000000236e000):  JavaThread "Unknown thread" [_thread_in_vm, id=5692, stack(0x00000000024b0000,0x00000000025b0000)]

Stack: [0x00000000024b0000,0x00000000025b0000]
[error occurred during error reporting (printing stack bounds), id 0xc0000005]


---------------  P R O C E S S  ---------------

Java Threads: ( => current thread )

Other Threads:

=>0x000000000236e000 (exited) JavaThread "Unknown thread" [_thread_in_vm, id=5692, stack(0x00000000024b0000,0x00000000025b0000)]

VM state:not at safepoint (normal execution)

VM Mutex/Monitor currently owned by a thread: None

Heap
 PSYoungGen      total 9728K, used 174K [0x00000000eaa80000, 0x00000000eb500000, 0x0000000100000000)
  eden space 8704K, 2% used [0x00000000eaa80000,0x00000000eaaab8a8,0x00000000eb300000)
  from space 1024K, 0% used [0x00000000eb400000,0x00000000eb400000,0x00000000eb500000)
  to   space 1024K, 0% used [0x00000000eb300000,0x00000000eb300000,0x00000000eb400000)
 ParOldGen       total 20992K, used 0K [0x00000000c0000000, 0x00000000c1480000, 0x00000000eaa80000)
  object space 20992K, 0% used [0x00000000c0000000,0x00000000c0000000,0x00000000c1480000)
 PSPermGen       total 21504K, used 697K [0x00000000bae00000, 0x00000000bc300000, 0x00000000c0000000)
  object space 21504K, 3% used [0x00000000bae00000,0x00000000baeae588,0x00000000bc300000)

Card table byte_map: [0x00000000055b0000,0x00000000057e0000] byte_map_base: 0x0000000004fd9000

Polling page: 0x0000000000330000

Code Cache  [0x00000000025b0000, 0x0000000002820000, 0x00000000055b0000)
 total_blobs=37 nmethods=0 adapters=20 free_code_cache=48890Kb largest_free_block=50063104

Compilation events (0 events):
No events

GC Heap History (0 events):
No events

Deoptimization events (0 events):
No events

Internal exceptions (0 events):
No events

Events (10 events):
Event: 0.951 loading class 0x00000000021fc730
Event: 0.951 loading class 0x00000000021fc730 done
Event: 0.951 loading class 0x00000000021fc780
Event: 0.951 loading class 0x00000000021fc780 done
Event: 0.951 loading class 0x00000000021fc7d0
Event: 0.955 loading class 0x00000000021fc7d0 done
Event: 0.979 loading class 0x00000000021fd550
Event: 0.980 loading class 0x00000000021fd550 done
Event: 0.980 loading class 0x00000000021fd170
Event: 0.980 loading class 0x00000000021fd170 done


Dynamic libraries:
0x000000013f4d0000 - 0x000000013f503000 	C:\Program Files\Java\jdk1.7.0_79\bin\java.exe
0x0000000077c20000 - 0x0000000077dca000 	C:\Windows\SYSTEM32\ntdll.dll
0x0000000077b00000 - 0x0000000077c1f000 	C:\Windows\system32\kernel32.dll
0x000007fefdbf0000 - 0x000007fefdc5a000 	C:\Windows\system32\KERNELBASE.dll
0x000007feff840000 - 0x000007feff91b000 	C:\Windows\system32\ADVAPI32.dll
0x000007feff6f0000 - 0x000007feff78f000 	C:\Windows\system32\msvcrt.dll
0x000007feffe10000 - 0x000007feffe2f000 	C:\Windows\SYSTEM32\sechost.dll
0x000007feffce0000 - 0x000007feffe0d000 	C:\Windows\system32\RPCRT4.dll
0x0000000077a00000 - 0x0000000077afa000 	C:\Windows\system32\USER32.dll
0x000007feffeb0000 - 0x000007fefff17000 	C:\Windows\system32\GDI32.dll
0x000007fefff20000 - 0x000007fefff2e000 	C:\Windows\system32\LPK.dll
0x000007feffc10000 - 0x000007feffcda000 	C:\Windows\system32\USP10.dll
0x000007fefbe70000 - 0x000007fefc064000 	C:\Windows\WinSxS\amd64_microsoft.windows.common-controls_6595b64144ccf1df_6.0.7601.18837_none_fa3b1e3d17594757\COMCTL32.dll
0x000007feff790000 - 0x000007feff801000 	C:\Windows\system32\SHLWAPI.dll
0x000007feff810000 - 0x000007feff83e000 	C:\Windows\system32\IMM32.DLL
0x000007feff920000 - 0x000007feffa29000 	C:\Windows\system32\MSCTF.dll
0x000000005f170000 - 0x000000005f242000 	C:\Program Files\Java\jdk1.7.0_79\jre\bin\msvcr100.dll
0x0000000064080000 - 0x0000000064855000 	C:\Program Files\Java\jdk1.7.0_79\jre\bin\server\jvm.dll
0x000007fefab80000 - 0x000007fefab89000 	C:\Windows\system32\WSOCK32.dll
0x000007feffbc0000 - 0x000007feffc0d000 	C:\Windows\system32\WS2_32.dll
0x000007feff6c0000 - 0x000007feff6c8000 	C:\Windows\system32\NSI.dll
0x000007fefb5b0000 - 0x000007fefb5eb000 	C:\Windows\system32\WINMM.dll
0x0000000077df0000 - 0x0000000077df7000 	C:\Windows\system32\PSAPI.DLL
0x000000006b600000 - 0x000000006b60f000 	C:\Program Files\Java\jdk1.7.0_79\jre\bin\verify.dll
0x0000000064050000 - 0x0000000064078000 	C:\Program Files\Java\jdk1.7.0_79\jre\bin\java.dll
0x0000000064030000 - 0x0000000064045000 	C:\Program Files\Java\jdk1.7.0_79\jre\bin\zip.dll

VM Arguments:
jvm_args: -Djava.awt.headless=true -Xmx1024M -Dfile.encoding=windows-1252 -Duser.country=US -Duser.language=en -Duser.variant 
java_command: com.android.dx.command.Main --dex --num-threads=4 --output D:\android\interviewApp\Gridview\app\build\intermediates\pre-dexed\debug\debug_e1d1c302750a448c4ebd1617b362476c56dab205.jar D:\android\interviewApp\Gridview\app\build\intermediates\classes\debug
Launcher Type: SUN_STANDARD

Environment Variables:
PATH=C:\Windows\system32;C:\Windows;C:\Windows\System32\Wbem;C:\Windows\System32\WindowsPowerShell\v1.0\;C:\Program Files\Dell\Dell Wireless WLAN Card;C:\Program Files (x86)\Skype\Phone\;c:\Program Files (x86)\Microsoft SQL Server\100\Tools\Binn\;c:\Program Files\Microsoft SQL Server\100\Tools\Binn\;c:\Program Files\Microsoft SQL Server\100\DTS\Binn\
USERNAME=amey
OS=Windows_NT
PROCESSOR_IDENTIFIER=Intel64 Family 6 Model 37 Stepping 2, GenuineIntel



---------------  S Y S T E M  ---------------

OS: Windows 7 , 64 bit Build 7601 Service Pack 1

CPU:total 4 (2 cores per cpu, 2 threads per core) family 6 model 37 stepping 2, cmov, cx8, fxsr, mmx, sse, sse2, sse3, ssse3, sse4.1, sse4.2, popcnt, ht, tsc, tscinvbit

Memory: 4k page, physical 2019880k(113324k free), swap 5284120k(460668k free)

vm_info: Java HotSpot(TM) 64-Bit Server VM (24.79-b02) for windows-amd64 JRE (1.7.0_79-b15), built on Apr 10 2015 12:36:16 by "java_re" with unknown MS VC++:1600

time: Wed Jul 20 00:01:16 2016
elapsed time: 2 seconds

